<?xml version="1.0" encoding="UTF-8"?>
<testng-results skipped="0" failed="0" ignored="0" total="1" passed="1">
  <reporter-output>
  </reporter-output>
  <suite name="Default suite" duration-ms="158527" started-at="2019-11-01T11:20:56Z" finished-at="2019-11-01T11:23:34Z">
    <groups>
    </groups>
    <test name="Default test" duration-ms="158527" started-at="2019-11-01T11:20:56Z" finished-at="2019-11-01T11:23:34Z">
      <class name="com.InetBanking.TestCases.NewCustomerPageTc">
        <test-method status="PASS" signature="setup()[pri:0, instance:com.InetBanking.TestCases.NewCustomerPageTc@1e88b3c]" name="setup" is-config="true" duration-ms="140286" started-at="2019-11-01T11:20:56Z" finished-at="2019-11-01T11:23:16Z">
          <reporter-output>
          </reporter-output>
        </test-method> <!-- setup -->
        <test-method status="PASS" signature="addnewcustomer()[pri:0, instance:com.InetBanking.TestCases.NewCustomerPageTc@1e88b3c]" name="addnewcustomer" duration-ms="18167" started-at="2019-11-01T11:23:16Z" finished-at="2019-11-01T11:23:34Z">
          <reporter-output>
          </reporter-output>
        </test-method> <!-- addnewcustomer -->
      </class> <!-- com.InetBanking.TestCases.NewCustomerPageTc -->
    </test> <!-- Default test -->
  </suite> <!-- Default suite -->
</testng-results>
